<?xml version="1.0" encoding="UTF-8"?>
<testsuites name="Calculator_iPhone 15" time="25.815" tests="1" failures="1" errors="0">
   <testsuite name="Calculator_iPhone 15" tests="1" failures="1" errors="0" time="25.815" skipped="0" timestamp="2024-05-14 20:17:28" hostname="ddl02 - 10.234.115.198" id="Test Suites/Pararel Testing/R1/Feature/iOS/Calculator_iPhone 15">
      <properties>
         <property name="deviceName" value="iPhone 15"/>
         <property name="devicePlatform" value=""/>
         <property name="logFolder" value="/Users/ddl02/Documents/latest_git/GitHub/visium-device-farm/Reports/20240514_201704/Pararel Testing/R1/Feature/iOS/Calculator_iPhone 15/20240514_201706"/>
         <property name="logFiles" value="/Users/ddl02/Documents/latest_git/GitHub/visium-device-farm/Reports/20240514_201704/Pararel Testing/R1/Feature/iOS/Calculator_iPhone 15/20240514_201706/execution0.log"/>
         <property name="attachments" value="/Users/ddl02/Documents/latest_git/GitHub/visium-device-farm/Reports/20240514_201704/Pararel Testing/R1/Feature/iOS/Calculator_iPhone 15/20240514_201706/1715692668629.png"/>
         <property name="hostName" value="ddl02 - 10.234.115.198"/>
         <property name="hostAddress" value="10.234.115.198"/>
         <property name="remoteDriverUrl" value="https://farmdemo.visiumlabs.com/wd/hub"/>
         <property name="desiredCapabilities" value="{
  &quot;vf:accessKey&quot;: &quot;brian:3b7e2401-0e46-4efb-9a06-193c1086b797&quot;,
  &quot;vf:sessionName&quot;: &quot;iOS Automation Bank Mandiri&quot;,
  &quot;noReset&quot;: true,
  &quot;vf:saveSession&quot;: true,
  &quot;appium:bundleId&quot;: &quot;com.apple.calculator&quot;,
  &quot;deviceName&quot;: &quot;iPhone 15&quot;,
  &quot;fullReset&quot;: false,
  &quot;vf:saveDeviceLog&quot;: true,
  &quot;platformVersion&quot;: &quot;17.1&quot;,
  &quot;vf:saveVideoRecord&quot;: true,
  &quot;automationName&quot;: &quot;xcuitest&quot;,
  &quot;vf:saveAppiumLog&quot;: true,
  &quot;platformName&quot;: &quot;iOS&quot;,
  &quot;udid&quot;: &quot;00008120-000914192650A01E&quot;
}"/>
         <property name="os" value="Mac OS X 64bit"/>
         <property name="katalonVersion" value="8.6.5.208"/>
      </properties>
      <testcase name="Test Cases/Android And iOS/EVDEV-193415_Register Or Calculator" time="25.31" classname="Test Cases/Android And iOS/EVDEV-193415_Register Or Calculator" status="FAILED">
         <failure type="FAILED" message="Test Cases/Android And iOS/EVDEV-193415_Register Or Calculator FAILED.
Reason:
com.kms.katalon.core.exception.StepFailedException: Object btn8 not found
	at com.kms.katalon.core.keyword.internal.KeywordMain.stepFailed(KeywordMain.groovy:51)
	at com.kms.katalon.core.mobile.keyword.internal.MobileKeywordMain.stepFailed(MobileKeywordMain.groovy:40)
	at com.kms.katalon.core.mobile.keyword.builtin.TapKeyword$_tap_closure1.doCall(TapKeyword.groovy:79)
	at com.kms.katalon.core.mobile.keyword.builtin.TapKeyword$_tap_closure1.call(TapKeyword.groovy)
	at com.kms.katalon.core.mobile.keyword.internal.MobileKeywordMain.runKeyword(MobileKeywordMain.groovy:21)
	at com.kms.katalon.core.mobile.keyword.builtin.TapKeyword.tap(TapKeyword.groovy:84)
	at com.kms.katalon.core.mobile.keyword.builtin.TapKeyword.execute(TapKeyword.groovy:68)
	at com.kms.katalon.core.keyword.internal.KeywordExecutor.executeKeywordForPlatform(KeywordExecutor.groovy:74)
	at com.kms.katalon.core.mobile.keyword.MobileBuiltInKeywords.tap(MobileBuiltInKeywords.groovy:1490)
	at com.kms.katalon.core.mobile.keyword.MobileBuiltInKeywords$tap.call(Unknown Source)
	at stepDef.Helper.tap(Helper.groovy:90)
	at stepDef.Helper$tap.call(Unknown Source)
	at shareStep.RegisterOrCalculatorScreen.add(RegisterOrCalculatorScreen.groovy:84)
	at shareStep.RegisterOrCalculatorScreen$add.call(Unknown Source)
	at EVDEV-193415_Register Or Calculator.run(EVDEV-193415_Register Or Calculator:40)
	at com.kms.katalon.core.main.ScriptEngine.run(ScriptEngine.java:194)
	at com.kms.katalon.core.main.ScriptEngine.runScriptAsRawText(ScriptEngine.java:119)
	at com.kms.katalon.core.main.TestCaseExecutor.runScript(TestCaseExecutor.java:448)
	at com.kms.katalon.core.main.TestCaseExecutor.doExecute(TestCaseExecutor.java:439)
	at com.kms.katalon.core.main.TestCaseExecutor.processExecutionPhase(TestCaseExecutor.java:418)
	at com.kms.katalon.core.main.TestCaseExecutor.accessMainPhase(TestCaseExecutor.java:410)
	at com.kms.katalon.core.main.TestCaseExecutor.execute(TestCaseExecutor.java:285)
	at com.kms.katalon.core.common.CommonExecutor.accessTestCaseMainPhase(CommonExecutor.java:65)
	at com.kms.katalon.core.main.TestSuiteExecutor.accessTestSuiteMainPhase(TestSuiteExecutor.java:148)
	at com.kms.katalon.core.main.TestSuiteExecutor.execute(TestSuiteExecutor.java:106)
	at com.kms.katalon.core.main.TestCaseMain.startTestSuite(TestCaseMain.java:187)
	at com.kms.katalon.core.main.TestCaseMain$startTestSuite$0.call(Unknown Source)
	at TempTestSuite1715692626382.run(TempTestSuite1715692626382.groovy:36)
"/>
         <system-out><![CDATA[2024-05-14 20:17:29 - [TEST_CASE][FAILED] - Test Cases/Android And iOS/EVDEV-193415_Register Or Calculator: Test Cases/Android And iOS/EVDEV-193415_Register Or Calculator FAILED.
Reason:
com.kms.katalon.core.exception.StepFailedException: Object btn8 not found
	at com.kms.katalon.core.keyword.internal.KeywordMain.stepFailed(KeywordMain.groovy:51)
	at com.kms.katalon.core.mobile.keyword.internal.MobileKeywordMain.stepFailed(MobileKeywordMain.groovy:40)
	at com.kms.katalon.core.mobile.keyword.builtin.TapKeyword$_tap_closure1.doCall(TapKeyword.groovy:79)
	at com.kms.katalon.core.mobile.keyword.builtin.TapKeyword$_tap_closure1.call(TapKeyword.groovy)
	at com.kms.katalon.core.mobile.keyword.internal.MobileKeywordMain.runKeyword(MobileKeywordMain.groovy:21)
	at com.kms.katalon.core.mobile.keyword.builtin.TapKeyword.tap(TapKeyword.groovy:84)
	at com.kms.katalon.core.mobile.keyword.builtin.TapKeyword.execute(TapKeyword.groovy:68)
	at com.kms.katalon.core.keyword.internal.KeywordExecutor.executeKeywordForPlatform(KeywordExecutor.groovy:74)
	at com.kms.katalon.core.mobile.keyword.MobileBuiltInKeywords.tap(MobileBuiltInKeywords.groovy:1490)
	at com.kms.katalon.core.mobile.keyword.MobileBuiltInKeywords$tap.call(Unknown Source)
	at stepDef.Helper.tap(Helper.groovy:90)
	at stepDef.Helper$tap.call(Unknown Source)
	at shareStep.RegisterOrCalculatorScreen.add(RegisterOrCalculatorScreen.groovy:84)
	at shareStep.RegisterOrCalculatorScreen$add.call(Unknown Source)
	at EVDEV-193415_Register Or Calculator.run(EVDEV-193415_Register Or Calculator:40)
	at com.kms.katalon.core.main.ScriptEngine.run(ScriptEngine.java:194)
	at com.kms.katalon.core.main.ScriptEngine.runScriptAsRawText(ScriptEngine.java:119)
	at com.kms.katalon.core.main.TestCaseExecutor.runScript(TestCaseExecutor.java:448)
	at com.kms.katalon.core.main.TestCaseExecutor.doExecute(TestCaseExecutor.java:439)
	at com.kms.katalon.core.main.TestCaseExecutor.processExecutionPhase(TestCaseExecutor.java:418)
	at com.kms.katalon.core.main.TestCaseExecutor.accessMainPhase(TestCaseExecutor.java:410)
	at com.kms.katalon.core.main.TestCaseExecutor.execute(TestCaseExecutor.java:285)
	at com.kms.katalon.core.common.CommonExecutor.accessTestCaseMainPhase(CommonExecutor.java:65)
	at com.kms.katalon.core.main.TestSuiteExecutor.accessTestSuiteMainPhase(TestSuiteExecutor.java:148)
	at com.kms.katalon.core.main.TestSuiteExecutor.execute(TestSuiteExecutor.java:106)
	at com.kms.katalon.core.main.TestCaseMain.startTestSuite(TestCaseMain.java:187)
	at com.kms.katalon.core.main.TestCaseMain$startTestSuite$0.call(Unknown Source)
	at TempTestSuite1715692626382.run(TempTestSuite1715692626382.groovy:36)


2024-05-14 20:17:29 - [TEST_STEP][ERROR] - Start listener action : beforeTestCaseMultipleCategoryOs: groovy.lang.MissingPropertyException: No such property: ZEPHYR_ID_IOS_HIGH for class: Hooks
	at Hooks.beforeTestCaseMultipleCategoryOs(Hooks.groovy:126)
	at Hooks.invokeMethod(Hooks.groovy)
	at com.kms.katalon.core.context.internal.TestHooker.invokeMethod(TestHooker.java:111)
	at com.kms.katalon.core.context.internal.TestHooker.lambda$3(TestHooker.java:95)
	at com.kms.katalon.core.context.internal.TestHooker.invokeContextMethods(TestHooker.java:94)
	at com.kms.katalon.core.context.internal.TestListenerCollector.lambda$3(TestListenerCollector.java:88)
	at com.kms.katalon.core.context.internal.TestListenerCollector.handleListenerEvent(TestListenerCollector.java:85)
	at com.kms.katalon.core.context.internal.ExecutionEventManager.publicEvent(ExecutionEventManager.java:36)
	at com.kms.katalon.core.main.TestCaseExecutor.execute(TestCaseExecutor.java:268)
	at com.kms.katalon.core.common.CommonExecutor.accessTestCaseMainPhase(CommonExecutor.java:65)
	at com.kms.katalon.core.main.TestSuiteExecutor.accessTestSuiteMainPhase(TestSuiteExecutor.java:148)
	at com.kms.katalon.core.main.TestSuiteExecutor.execute(TestSuiteExecutor.java:106)
	at com.kms.katalon.core.main.TestCaseMain.startTestSuite(TestCaseMain.java:187)
	at com.kms.katalon.core.main.TestCaseMain$startTestSuite$0.call(Unknown Source)
	at TempTestSuite1715692626382.run(TempTestSuite1715692626382.groovy:36)


2024-05-14 20:17:29 - [TEST_STEP][PASSED] - testCase = findTestCase(testCaseContext.getTestCaseId()): null

2024-05-14 20:17:29 - [TEST_STEP][PASSED] - ZEPHYR_TEST_CASE_KEY = getName().split("_")[0]: null

2024-05-14 20:17:30 - [TEST_STEP][PASSED] - getId = sendRequest(findTestObject("Object Repository/Zephyr/Get ID")): Send request successfully

2024-05-14 20:17:32 - [MESSAGE][INFO] - HAR: /Users/ddl02/Documents/latest_git/GitHub/visium-device-farm/Reports/20240514_201704/Pararel Testing/R1/Feature/iOS/Calculator_iPhone 15/20240514_201706/requests/main/0.har

2024-05-14 20:17:32 - [MESSAGE][PASSED] - Send request successfully

2024-05-14 20:17:32 - [TEST_STEP][PASSED] - jsonSlurper = new groovy.json.JsonSlurper(): null

2024-05-14 20:17:32 - [TEST_STEP][PASSED] - json = jsonSlurper.parseText(getId.getResponseText()): null

2024-05-14 20:17:32 - [TEST_STEP][PASSED] - executionIdIosHigh = id: null

2024-05-14 20:17:32 - [TEST_STEP][PASSED] - executionIdIosMid = id: null

2024-05-14 20:17:32 - [TEST_STEP][PASSED] - executionIdIosLow = id: null

2024-05-14 20:17:32 - [TEST_STEP][PASSED] - executionIdAndroidHigh = id: null

2024-05-14 20:17:32 - [TEST_STEP][PASSED] - executionIdAndroidMid = id: null

2024-05-14 20:17:32 - [TEST_STEP][PASSED] - executionIdAndroidLow = id: null

2024-05-14 20:17:32 - [TEST_STEP][PASSED] - ZEPHYR_ID_IOS_HIGH = executionIdIosHigh: null

2024-05-14 20:17:32 - [TEST_STEP][PASSED] - ZEPHYR_ID_IOS_MID = executionIdIosMid: null

2024-05-14 20:17:32 - [TEST_STEP][PASSED] - ZEPHYR_ID_IOS_LOW = executionIdIosLow: null

2024-05-14 20:17:32 - [TEST_STEP][PASSED] - ZEPHYR_ID_ANDROID_HIGH = executionIdAndroidHigh: null

2024-05-14 20:17:32 - [TEST_STEP][PASSED] - ZEPHYR_ID_ANDROID_MID = executionIdAndroidMid: null

2024-05-14 20:17:32 - [TEST_STEP][PASSED] - ZEPHYR_ID_ANDROID_LOW = executionIdAndroidLow: null

2024-05-14 20:17:32 - [TEST_STEP][ERROR] - println(ZEPHYR_ID_IOS_HIGH): groovy.lang.MissingPropertyException: No such property: ZEPHYR_ID_IOS_HIGH for class: Hooks
	at Hooks.beforeTestCaseMultipleCategoryOs(Hooks.groovy:126)
	at Hooks.invokeMethod(Hooks.groovy)
	at com.kms.katalon.core.context.internal.TestHooker.invokeMethod(TestHooker.java:111)
	at com.kms.katalon.core.context.internal.TestHooker.lambda$3(TestHooker.java:95)
	at com.kms.katalon.core.context.internal.TestHooker.invokeContextMethods(TestHooker.java:94)
	at com.kms.katalon.core.context.internal.TestListenerCollector.lambda$3(TestListenerCollector.java:88)
	at com.kms.katalon.core.context.internal.TestListenerCollector.handleListenerEvent(TestListenerCollector.java:85)
	at com.kms.katalon.core.context.internal.ExecutionEventManager.publicEvent(ExecutionEventManager.java:36)
	at com.kms.katalon.core.main.TestCaseExecutor.execute(TestCaseExecutor.java:268)
	at com.kms.katalon.core.common.CommonExecutor.accessTestCaseMainPhase(CommonExecutor.java:65)
	at com.kms.katalon.core.main.TestSuiteExecutor.accessTestSuiteMainPhase(TestSuiteExecutor.java:148)
	at com.kms.katalon.core.main.TestSuiteExecutor.execute(TestSuiteExecutor.java:106)
	at com.kms.katalon.core.main.TestCaseMain.startTestSuite(TestCaseMain.java:187)
	at com.kms.katalon.core.main.TestCaseMain$startTestSuite$0.call(Unknown Source)
	at TempTestSuite1715692626382.run(TempTestSuite1715692626382.groovy:36)


2024-05-14 20:17:32 - [MESSAGE][ERROR] - groovy.lang.MissingPropertyException: No such property: ZEPHYR_ID_IOS_HIGH for class: Hooks
	at Hooks.beforeTestCaseMultipleCategoryOs(Hooks.groovy:126)
	at Hooks.invokeMethod(Hooks.groovy)
	at com.kms.katalon.core.context.internal.TestHooker.invokeMethod(TestHooker.java:111)
	at com.kms.katalon.core.context.internal.TestHooker.lambda$3(TestHooker.java:95)
	at com.kms.katalon.core.context.internal.TestHooker.invokeContextMethods(TestHooker.java:94)
	at com.kms.katalon.core.context.internal.TestListenerCollector.lambda$3(TestListenerCollector.java:88)
	at com.kms.katalon.core.context.internal.TestListenerCollector.handleListenerEvent(TestListenerCollector.java:85)
	at com.kms.katalon.core.context.internal.ExecutionEventManager.publicEvent(ExecutionEventManager.java:36)
	at com.kms.katalon.core.main.TestCaseExecutor.execute(TestCaseExecutor.java:268)
	at com.kms.katalon.core.common.CommonExecutor.accessTestCaseMainPhase(CommonExecutor.java:65)
	at com.kms.katalon.core.main.TestSuiteExecutor.accessTestSuiteMainPhase(TestSuiteExecutor.java:148)
	at com.kms.katalon.core.main.TestSuiteExecutor.execute(TestSuiteExecutor.java:106)
	at com.kms.katalon.core.main.TestCaseMain.startTestSuite(TestCaseMain.java:187)
	at com.kms.katalon.core.main.TestCaseMain$startTestSuite$0.call(Unknown Source)
	at TempTestSuite1715692626382.run(TempTestSuite1715692626382.groovy:36)


2024-05-14 20:17:32 - [TEST_STEP][PASSED] - SetCapability.startApplication(DeviceName, UdId, PlatformVersion, PlatformName): Unable to get appium status. Root cause (null)

2024-05-14 20:17:32 - [MESSAGE][INFO] - Success Remote

2024-05-14 20:17:41 - [MESSAGE][WARNING] - Unable to get appium status. Root cause (null)

2024-05-14 20:17:42 - [TEST_STEP][PASSED] - "========================  Step 1  ========================": null

2024-05-14 20:17:42 - [TEST_STEP][PASSED] - registerOrCalculatorScreen = new shareStep.RegisterOrCalculatorScreen(): null

2024-05-14 20:17:42 - [TEST_STEP][FAILED] - registerOrCalculatorScreen.add(): Failed to tap on element 'btn8' (Root cause: com.kms.katalon.core.exception.StepFailedException: Object btn8 not found
	at com.kms.katalon.core.keyword.internal.KeywordMain.stepFailed(KeywordMain.groovy:51)
	at com.kms.katalon.core.mobile.keyword.internal.MobileKeywordMain.stepFailed(MobileKeywordMain.groovy:40)
	at com.kms.katalon.core.mobile.keyword.builtin.TapKeyword$_tap_closure1.doCall(TapKeyword.groovy:79)
	at com.kms.katalon.core.mobile.keyword.builtin.TapKeyword$_tap_closure1.call(TapKeyword.groovy)
	at com.kms.katalon.core.mobile.keyword.internal.MobileKeywordMain.runKeyword(MobileKeywordMain.groovy:21)
	at com.kms.katalon.core.mobile.keyword.builtin.TapKeyword.tap(TapKeyword.groovy:84)
	at com.kms.katalon.core.mobile.keyword.builtin.TapKeyword.execute(TapKeyword.groovy:68)
	at com.kms.katalon.core.keyword.internal.KeywordExecutor.executeKeywordForPlatform(KeywordExecutor.groovy:74)
	at com.kms.katalon.core.mobile.keyword.MobileBuiltInKeywords.tap(MobileBuiltInKeywords.groovy:1490)
	at com.kms.katalon.core.mobile.keyword.MobileBuiltInKeywords$tap.call(Unknown Source)
	at stepDef.Helper.tap(Helper.groovy:90)
	at stepDef.Helper$tap.call(Unknown Source)
	at shareStep.RegisterOrCalculatorScreen.add(RegisterOrCalculatorScreen.groovy:84)
	at shareStep.RegisterOrCalculatorScreen$add.call(Unknown Source)
	at EVDEV-193415_Register Or Calculator.run(EVDEV-193415_Register Or Calculator:40)
	at com.kms.katalon.core.main.ScriptEngine.run(ScriptEngine.java:194)
	at com.kms.katalon.core.main.ScriptEngine.runScriptAsRawText(ScriptEngine.java:119)
	at com.kms.katalon.core.main.TestCaseExecutor.runScript(TestCaseExecutor.java:448)
	at com.kms.katalon.core.main.TestCaseExecutor.doExecute(TestCaseExecutor.java:439)
	at com.kms.katalon.core.main.TestCaseExecutor.processExecutionPhase(TestCaseExecutor.java:418)
	at com.kms.katalon.core.main.TestCaseExecutor.accessMainPhase(TestCaseExecutor.java:410)
	at com.kms.katalon.core.main.TestCaseExecutor.execute(TestCaseExecutor.java:285)
	at com.kms.katalon.core.common.CommonExecutor.accessTestCaseMainPhase(CommonExecutor.java:65)
	at com.kms.katalon.core.main.TestSuiteExecutor.accessTestSuiteMainPhase(TestSuiteExecutor.java:148)
	at com.kms.katalon.core.main.TestSuiteExecutor.execute(TestSuiteExecutor.java:106)
	at com.kms.katalon.core.main.TestCaseMain.startTestSuite(TestCaseMain.java:187)
	at com.kms.katalon.core.main.TestCaseMain$startTestSuite$0.call(Unknown Source)
	at TempTestSuite1715692626382.run(TempTestSuite1715692626382.groovy:36)
)

2024-05-14 20:17:48 - [MESSAGE][FAILED] - Object btn8 not found

2024-05-14 20:17:52 - [MESSAGE][FAILED] - Failed to tap on element 'btn8' (Root cause: com.kms.katalon.core.exception.StepFailedException: Object btn8 not found
	at com.kms.katalon.core.keyword.internal.KeywordMain.stepFailed(KeywordMain.groovy:51)
	at com.kms.katalon.core.mobile.keyword.internal.MobileKeywordMain.stepFailed(MobileKeywordMain.groovy:40)
	at com.kms.katalon.core.mobile.keyword.builtin.TapKeyword$_tap_closure1.doCall(TapKeyword.groovy:79)
	at com.kms.katalon.core.mobile.keyword.builtin.TapKeyword$_tap_closure1.call(TapKeyword.groovy)
	at com.kms.katalon.core.mobile.keyword.internal.MobileKeywordMain.runKeyword(MobileKeywordMain.groovy:21)
	at com.kms.katalon.core.mobile.keyword.builtin.TapKeyword.tap(TapKeyword.groovy:84)
	at com.kms.katalon.core.mobile.keyword.builtin.TapKeyword.execute(TapKeyword.groovy:68)
	at com.kms.katalon.core.keyword.internal.KeywordExecutor.executeKeywordForPlatform(KeywordExecutor.groovy:74)
	at com.kms.katalon.core.mobile.keyword.MobileBuiltInKeywords.tap(MobileBuiltInKeywords.groovy:1490)
	at com.kms.katalon.core.mobile.keyword.MobileBuiltInKeywords$tap.call(Unknown Source)
	at stepDef.Helper.tap(Helper.groovy:90)
	at stepDef.Helper$tap.call(Unknown Source)
	at shareStep.RegisterOrCalculatorScreen.add(RegisterOrCalculatorScreen.groovy:84)
	at shareStep.RegisterOrCalculatorScreen$add.call(Unknown Source)
	at EVDEV-193415_Register Or Calculator.run(EVDEV-193415_Register Or Calculator:40)
	at com.kms.katalon.core.main.ScriptEngine.run(ScriptEngine.java:194)
	at com.kms.katalon.core.main.ScriptEngine.runScriptAsRawText(ScriptEngine.java:119)
	at com.kms.katalon.core.main.TestCaseExecutor.runScript(TestCaseExecutor.java:448)
	at com.kms.katalon.core.main.TestCaseExecutor.doExecute(TestCaseExecutor.java:439)
	at com.kms.katalon.core.main.TestCaseExecutor.processExecutionPhase(TestCaseExecutor.java:418)
	at com.kms.katalon.core.main.TestCaseExecutor.accessMainPhase(TestCaseExecutor.java:410)
	at com.kms.katalon.core.main.TestCaseExecutor.execute(TestCaseExecutor.java:285)
	at com.kms.katalon.core.common.CommonExecutor.accessTestCaseMainPhase(CommonExecutor.java:65)
	at com.kms.katalon.core.main.TestSuiteExecutor.accessTestSuiteMainPhase(TestSuiteExecutor.java:148)
	at com.kms.katalon.core.main.TestSuiteExecutor.execute(TestSuiteExecutor.java:106)
	at com.kms.katalon.core.main.TestCaseMain.startTestSuite(TestCaseMain.java:187)
	at com.kms.katalon.core.main.TestCaseMain$startTestSuite$0.call(Unknown Source)
	at TempTestSuite1715692626382.run(TempTestSuite1715692626382.groovy:36)
)
[[ATTACHMENT|/Users/ddl02/Documents/latest_git/GitHub/visium-device-farm/Reports/20240514_201704/Pararel Testing/R1/Feature/iOS/Calculator_iPhone 15/20240514_201706/1715692668629.png]]

2024-05-14 20:17:52 - [TEST_STEP][PASSED] - Start listener action : afterTestCaseMultipleCategoryOs: null

2024-05-14 20:17:52 - [TEST_STEP][PASSED] - mobileDriver = getDriver(): null

2024-05-14 20:17:52 - [TEST_STEP][PASSED] - os = toString().toLowerCase(): null

2024-05-14 20:17:52 - [TEST_STEP][PASSED] - category = toString().toLowerCase(): null

2024-05-14 20:17:52 - [TEST_STEP][PASSED] - if (os == "android"): null

2024-05-14 20:17:52 - [TEST_STEP][PASSED] - else if (os == "ios"): Send request successfully

2024-05-14 20:17:52 - [TEST_STEP][PASSED] - if (category == "iphone 5s" && "iphone 8 plus"): null

2024-05-14 20:17:52 - [TEST_STEP][PASSED] - if (category == "iphone 8" && "iphone xr"): null

2024-05-14 20:17:52 - [TEST_STEP][PASSED] - if (category == "iphone 15" && "iphone xr"): Send request successfully

2024-05-14 20:17:52 - [TEST_STEP][PASSED] - if (testCaseContext.getTestCaseStatus() == "PASSED"): null

2024-05-14 20:17:52 - [TEST_STEP][PASSED] - else if (testCaseContext.getTestCaseStatus() == "FAILED" || testCaseContext.getTestCaseStatus() == "ERROR"): null

2024-05-14 20:17:52 - [TEST_STEP][PASSED] - ZEPHYR_STATUS_NAME = 2: null

2024-05-14 20:17:52 - [TEST_STEP][PASSED] - sendRequest(findTestObject("Object Repository/Zephyr/Update Status - IOS - High")): Send request successfully

2024-05-14 20:17:53 - [MESSAGE][INFO] - HAR: /Users/ddl02/Documents/latest_git/GitHub/visium-device-farm/Reports/20240514_201704/Pararel Testing/R1/Feature/iOS/Calculator_iPhone 15/20240514_201706/requests/main/1.har

2024-05-14 20:17:53 - [MESSAGE][PASSED] - Send request successfully

2024-05-14 20:17:53 - [TEST_STEP][PASSED] - closeDriver(): null]]></system-out>
         <system-err><![CDATA[2024-05-14 20:17:29 - [TEST_CASE][FAILED] - Test Cases/Android And iOS/EVDEV-193415_Register Or Calculator: Test Cases/Android And iOS/EVDEV-193415_Register Or Calculator FAILED.
Reason:
com.kms.katalon.core.exception.StepFailedException: Object btn8 not found
	at com.kms.katalon.core.keyword.internal.KeywordMain.stepFailed(KeywordMain.groovy:51)
	at com.kms.katalon.core.mobile.keyword.internal.MobileKeywordMain.stepFailed(MobileKeywordMain.groovy:40)
	at com.kms.katalon.core.mobile.keyword.builtin.TapKeyword$_tap_closure1.doCall(TapKeyword.groovy:79)
	at com.kms.katalon.core.mobile.keyword.builtin.TapKeyword$_tap_closure1.call(TapKeyword.groovy)
	at com.kms.katalon.core.mobile.keyword.internal.MobileKeywordMain.runKeyword(MobileKeywordMain.groovy:21)
	at com.kms.katalon.core.mobile.keyword.builtin.TapKeyword.tap(TapKeyword.groovy:84)
	at com.kms.katalon.core.mobile.keyword.builtin.TapKeyword.execute(TapKeyword.groovy:68)
	at com.kms.katalon.core.keyword.internal.KeywordExecutor.executeKeywordForPlatform(KeywordExecutor.groovy:74)
	at com.kms.katalon.core.mobile.keyword.MobileBuiltInKeywords.tap(MobileBuiltInKeywords.groovy:1490)
	at com.kms.katalon.core.mobile.keyword.MobileBuiltInKeywords$tap.call(Unknown Source)
	at stepDef.Helper.tap(Helper.groovy:90)
	at stepDef.Helper$tap.call(Unknown Source)
	at shareStep.RegisterOrCalculatorScreen.add(RegisterOrCalculatorScreen.groovy:84)
	at shareStep.RegisterOrCalculatorScreen$add.call(Unknown Source)
	at EVDEV-193415_Register Or Calculator.run(EVDEV-193415_Register Or Calculator:40)
	at com.kms.katalon.core.main.ScriptEngine.run(ScriptEngine.java:194)
	at com.kms.katalon.core.main.ScriptEngine.runScriptAsRawText(ScriptEngine.java:119)
	at com.kms.katalon.core.main.TestCaseExecutor.runScript(TestCaseExecutor.java:448)
	at com.kms.katalon.core.main.TestCaseExecutor.doExecute(TestCaseExecutor.java:439)
	at com.kms.katalon.core.main.TestCaseExecutor.processExecutionPhase(TestCaseExecutor.java:418)
	at com.kms.katalon.core.main.TestCaseExecutor.accessMainPhase(TestCaseExecutor.java:410)
	at com.kms.katalon.core.main.TestCaseExecutor.execute(TestCaseExecutor.java:285)
	at com.kms.katalon.core.common.CommonExecutor.accessTestCaseMainPhase(CommonExecutor.java:65)
	at com.kms.katalon.core.main.TestSuiteExecutor.accessTestSuiteMainPhase(TestSuiteExecutor.java:148)
	at com.kms.katalon.core.main.TestSuiteExecutor.execute(TestSuiteExecutor.java:106)
	at com.kms.katalon.core.main.TestCaseMain.startTestSuite(TestCaseMain.java:187)
	at com.kms.katalon.core.main.TestCaseMain$startTestSuite$0.call(Unknown Source)
	at TempTestSuite1715692626382.run(TempTestSuite1715692626382.groovy:36)]]></system-err>
      </testcase>
      <system-out><![CDATA[2024-05-14 20:17:28 - [TEST_SUITE][FAILED] - Calculator_iPhone 15: Test Cases/Android And iOS/EVDEV-193415_Register Or Calculator FAILED.
Reason:
com.kms.katalon.core.exception.StepFailedException: Object btn8 not found
	at com.kms.katalon.core.keyword.internal.KeywordMain.stepFailed(KeywordMain.groovy:51)
	at com.kms.katalon.core.mobile.keyword.internal.MobileKeywordMain.stepFailed(MobileKeywordMain.groovy:40)
	at com.kms.katalon.core.mobile.keyword.builtin.TapKeyword$_tap_closure1.doCall(TapKeyword.groovy:79)
	at com.kms.katalon.core.mobile.keyword.builtin.TapKeyword$_tap_closure1.call(TapKeyword.groovy)
	at com.kms.katalon.core.mobile.keyword.internal.MobileKeywordMain.runKeyword(MobileKeywordMain.groovy:21)
	at com.kms.katalon.core.mobile.keyword.builtin.TapKeyword.tap(TapKeyword.groovy:84)
	at com.kms.katalon.core.mobile.keyword.builtin.TapKeyword.execute(TapKeyword.groovy:68)
	at com.kms.katalon.core.keyword.internal.KeywordExecutor.executeKeywordForPlatform(KeywordExecutor.groovy:74)
	at com.kms.katalon.core.mobile.keyword.MobileBuiltInKeywords.tap(MobileBuiltInKeywords.groovy:1490)
	at com.kms.katalon.core.mobile.keyword.MobileBuiltInKeywords$tap.call(Unknown Source)
	at stepDef.Helper.tap(Helper.groovy:90)
	at stepDef.Helper$tap.call(Unknown Source)
	at shareStep.RegisterOrCalculatorScreen.add(RegisterOrCalculatorScreen.groovy:84)
	at shareStep.RegisterOrCalculatorScreen$add.call(Unknown Source)
	at EVDEV-193415_Register Or Calculator.run(EVDEV-193415_Register Or Calculator:40)
	at com.kms.katalon.core.main.ScriptEngine.run(ScriptEngine.java:194)
	at com.kms.katalon.core.main.ScriptEngine.runScriptAsRawText(ScriptEngine.java:119)
	at com.kms.katalon.core.main.TestCaseExecutor.runScript(TestCaseExecutor.java:448)
	at com.kms.katalon.core.main.TestCaseExecutor.doExecute(TestCaseExecutor.java:439)
	at com.kms.katalon.core.main.TestCaseExecutor.processExecutionPhase(TestCaseExecutor.java:418)
	at com.kms.katalon.core.main.TestCaseExecutor.accessMainPhase(TestCaseExecutor.java:410)
	at com.kms.katalon.core.main.TestCaseExecutor.execute(TestCaseExecutor.java:285)
	at com.kms.katalon.core.common.CommonExecutor.accessTestCaseMainPhase(CommonExecutor.java:65)
	at com.kms.katalon.core.main.TestSuiteExecutor.accessTestSuiteMainPhase(TestSuiteExecutor.java:148)
	at com.kms.katalon.core.main.TestSuiteExecutor.execute(TestSuiteExecutor.java:106)
	at com.kms.katalon.core.main.TestCaseMain.startTestSuite(TestCaseMain.java:187)
	at com.kms.katalon.core.main.TestCaseMain$startTestSuite$0.call(Unknown Source)
	at TempTestSuite1715692626382.run(TempTestSuite1715692626382.groovy:36)]]></system-out>
      <system-err><![CDATA[2024-05-14 20:17:28 - [TEST_SUITE][FAILED] - Calculator_iPhone 15: Test Cases/Android And iOS/EVDEV-193415_Register Or Calculator FAILED.
Reason:
com.kms.katalon.core.exception.StepFailedException: Object btn8 not found
	at com.kms.katalon.core.keyword.internal.KeywordMain.stepFailed(KeywordMain.groovy:51)
	at com.kms.katalon.core.mobile.keyword.internal.MobileKeywordMain.stepFailed(MobileKeywordMain.groovy:40)
	at com.kms.katalon.core.mobile.keyword.builtin.TapKeyword$_tap_closure1.doCall(TapKeyword.groovy:79)
	at com.kms.katalon.core.mobile.keyword.builtin.TapKeyword$_tap_closure1.call(TapKeyword.groovy)
	at com.kms.katalon.core.mobile.keyword.internal.MobileKeywordMain.runKeyword(MobileKeywordMain.groovy:21)
	at com.kms.katalon.core.mobile.keyword.builtin.TapKeyword.tap(TapKeyword.groovy:84)
	at com.kms.katalon.core.mobile.keyword.builtin.TapKeyword.execute(TapKeyword.groovy:68)
	at com.kms.katalon.core.keyword.internal.KeywordExecutor.executeKeywordForPlatform(KeywordExecutor.groovy:74)
	at com.kms.katalon.core.mobile.keyword.MobileBuiltInKeywords.tap(MobileBuiltInKeywords.groovy:1490)
	at com.kms.katalon.core.mobile.keyword.MobileBuiltInKeywords$tap.call(Unknown Source)
	at stepDef.Helper.tap(Helper.groovy:90)
	at stepDef.Helper$tap.call(Unknown Source)
	at shareStep.RegisterOrCalculatorScreen.add(RegisterOrCalculatorScreen.groovy:84)
	at shareStep.RegisterOrCalculatorScreen$add.call(Unknown Source)
	at EVDEV-193415_Register Or Calculator.run(EVDEV-193415_Register Or Calculator:40)
	at com.kms.katalon.core.main.ScriptEngine.run(ScriptEngine.java:194)
	at com.kms.katalon.core.main.ScriptEngine.runScriptAsRawText(ScriptEngine.java:119)
	at com.kms.katalon.core.main.TestCaseExecutor.runScript(TestCaseExecutor.java:448)
	at com.kms.katalon.core.main.TestCaseExecutor.doExecute(TestCaseExecutor.java:439)
	at com.kms.katalon.core.main.TestCaseExecutor.processExecutionPhase(TestCaseExecutor.java:418)
	at com.kms.katalon.core.main.TestCaseExecutor.accessMainPhase(TestCaseExecutor.java:410)
	at com.kms.katalon.core.main.TestCaseExecutor.execute(TestCaseExecutor.java:285)
	at com.kms.katalon.core.common.CommonExecutor.accessTestCaseMainPhase(CommonExecutor.java:65)
	at com.kms.katalon.core.main.TestSuiteExecutor.accessTestSuiteMainPhase(TestSuiteExecutor.java:148)
	at com.kms.katalon.core.main.TestSuiteExecutor.execute(TestSuiteExecutor.java:106)
	at com.kms.katalon.core.main.TestCaseMain.startTestSuite(TestCaseMain.java:187)
	at com.kms.katalon.core.main.TestCaseMain$startTestSuite$0.call(Unknown Source)
	at TempTestSuite1715692626382.run(TempTestSuite1715692626382.groovy:36)]]></system-err>
   </testsuite>
</testsuites>
