<?xml version="1.0" encoding="UTF-8"?>
<testsuites name="Calculator_iPhone 8" time="64.589" tests="1" failures="1" errors="0">
   <testsuite name="Calculator_iPhone 8" tests="1" failures="1" errors="0" time="64.589" skipped="0" timestamp="2024-05-14 19:38:27" hostname="ddl02 - 10.234.115.198" id="Test Suites/Pararel Testing/R1/Feature/iOS/Calculator_iPhone 8">
      <properties>
         <property name="deviceName" value="iPhone 8"/>
         <property name="devicePlatform" value=""/>
         <property name="logFolder" value="/Users/ddl02/Documents/latest_git/GitHub/visium-device-farm/Reports/20240514_193754/Pararel Testing/R1/Feature/iOS/Calculator_iPhone 8/20240514_193758"/>
         <property name="logFiles" value="/Users/ddl02/Documents/latest_git/GitHub/visium-device-farm/Reports/20240514_193754/Pararel Testing/R1/Feature/iOS/Calculator_iPhone 8/20240514_193758/execution0.log"/>
         <property name="attachments" value="/Users/ddl02/Documents/latest_git/GitHub/visium-device-farm/Reports/20240514_193754/Pararel Testing/R1/Feature/iOS/Calculator_iPhone 8/20240514_193758/1715690364971.png"/>
         <property name="hostName" value="ddl02 - 10.234.115.198"/>
         <property name="hostAddress" value="127.0.0.1"/>
         <property name="remoteDriverUrl" value="https://farmdemo.visiumlabs.com/wd/hub"/>
         <property name="desiredCapabilities" value="{
  &quot;vf:accessKey&quot;: &quot;brian:3b7e2401-0e46-4efb-9a06-193c1086b797&quot;,
  &quot;vf:sessionName&quot;: &quot;iOS Automation Bank Mandiri&quot;,
  &quot;noReset&quot;: true,
  &quot;vf:saveSession&quot;: true,
  &quot;appium:bundleId&quot;: &quot;com.apple.calculator&quot;,
  &quot;deviceName&quot;: &quot;iPhone 8&quot;,
  &quot;fullReset&quot;: false,
  &quot;vf:saveDeviceLog&quot;: true,
  &quot;platformVersion&quot;: &quot;15.0.2&quot;,
  &quot;vf:saveVideoRecord&quot;: true,
  &quot;automationName&quot;: &quot;xcuitest&quot;,
  &quot;vf:saveAppiumLog&quot;: true,
  &quot;platformName&quot;: &quot;iOS&quot;,
  &quot;udid&quot;: &quot;52faf304d5147795cac1003572fb3b50d74ef5d4&quot;
}"/>
         <property name="os" value="Mac OS X 64bit"/>
         <property name="katalonVersion" value="8.6.5.208"/>
      </properties>
      <testcase name="Test Cases/Android And iOS/EVDEV-193415_Register Or Calculator" time="64.026" classname="Test Cases/Android And iOS/EVDEV-193415_Register Or Calculator" status="FAILED">
         <failure type="FAILED" message="Test Cases/Android And iOS/EVDEV-193415_Register Or Calculator FAILED.
Reason:
com.kms.katalon.core.exception.StepFailedException: Object btn8 not found
	at com.kms.katalon.core.keyword.internal.KeywordMain.stepFailed(KeywordMain.groovy:51)
	at com.kms.katalon.core.mobile.keyword.internal.MobileKeywordMain.stepFailed(MobileKeywordMain.groovy:40)
	at com.kms.katalon.core.mobile.keyword.builtin.TapKeyword$_tap_closure1.doCall(TapKeyword.groovy:79)
	at com.kms.katalon.core.mobile.keyword.builtin.TapKeyword$_tap_closure1.call(TapKeyword.groovy)
	at com.kms.katalon.core.mobile.keyword.internal.MobileKeywordMain.runKeyword(MobileKeywordMain.groovy:21)
	at com.kms.katalon.core.mobile.keyword.builtin.TapKeyword.tap(TapKeyword.groovy:84)
	at com.kms.katalon.core.mobile.keyword.builtin.TapKeyword.execute(TapKeyword.groovy:68)
	at com.kms.katalon.core.keyword.internal.KeywordExecutor.executeKeywordForPlatform(KeywordExecutor.groovy:74)
	at com.kms.katalon.core.mobile.keyword.MobileBuiltInKeywords.tap(MobileBuiltInKeywords.groovy:1490)
	at com.kms.katalon.core.mobile.keyword.MobileBuiltInKeywords$tap.call(Unknown Source)
	at stepDef.Helper.tap(Helper.groovy:90)
	at stepDef.Helper$tap.call(Unknown Source)
	at shareStep.RegisterOrCalculatorScreen.add(RegisterOrCalculatorScreen.groovy:84)
	at shareStep.RegisterOrCalculatorScreen$add.call(Unknown Source)
	at EVDEV-193415_Register Or Calculator.run(EVDEV-193415_Register Or Calculator:40)
	at com.kms.katalon.core.main.ScriptEngine.run(ScriptEngine.java:194)
	at com.kms.katalon.core.main.ScriptEngine.runScriptAsRawText(ScriptEngine.java:119)
	at com.kms.katalon.core.main.TestCaseExecutor.runScript(TestCaseExecutor.java:448)
	at com.kms.katalon.core.main.TestCaseExecutor.doExecute(TestCaseExecutor.java:439)
	at com.kms.katalon.core.main.TestCaseExecutor.processExecutionPhase(TestCaseExecutor.java:418)
	at com.kms.katalon.core.main.TestCaseExecutor.accessMainPhase(TestCaseExecutor.java:410)
	at com.kms.katalon.core.main.TestCaseExecutor.execute(TestCaseExecutor.java:285)
	at com.kms.katalon.core.common.CommonExecutor.accessTestCaseMainPhase(CommonExecutor.java:65)
	at com.kms.katalon.core.main.TestSuiteExecutor.accessTestSuiteMainPhase(TestSuiteExecutor.java:148)
	at com.kms.katalon.core.main.TestSuiteExecutor.execute(TestSuiteExecutor.java:106)
	at com.kms.katalon.core.main.TestCaseMain.startTestSuite(TestCaseMain.java:187)
	at com.kms.katalon.core.main.TestCaseMain$startTestSuite$0.call(Unknown Source)
	at TempTestSuite1715690278877.run(TempTestSuite1715690278877.groovy:36)
"/>
         <system-out><![CDATA[2024-05-14 19:38:27 - [TEST_CASE][FAILED] - Test Cases/Android And iOS/EVDEV-193415_Register Or Calculator: Test Cases/Android And iOS/EVDEV-193415_Register Or Calculator FAILED.
Reason:
com.kms.katalon.core.exception.StepFailedException: Object btn8 not found
	at com.kms.katalon.core.keyword.internal.KeywordMain.stepFailed(KeywordMain.groovy:51)
	at com.kms.katalon.core.mobile.keyword.internal.MobileKeywordMain.stepFailed(MobileKeywordMain.groovy:40)
	at com.kms.katalon.core.mobile.keyword.builtin.TapKeyword$_tap_closure1.doCall(TapKeyword.groovy:79)
	at com.kms.katalon.core.mobile.keyword.builtin.TapKeyword$_tap_closure1.call(TapKeyword.groovy)
	at com.kms.katalon.core.mobile.keyword.internal.MobileKeywordMain.runKeyword(MobileKeywordMain.groovy:21)
	at com.kms.katalon.core.mobile.keyword.builtin.TapKeyword.tap(TapKeyword.groovy:84)
	at com.kms.katalon.core.mobile.keyword.builtin.TapKeyword.execute(TapKeyword.groovy:68)
	at com.kms.katalon.core.keyword.internal.KeywordExecutor.executeKeywordForPlatform(KeywordExecutor.groovy:74)
	at com.kms.katalon.core.mobile.keyword.MobileBuiltInKeywords.tap(MobileBuiltInKeywords.groovy:1490)
	at com.kms.katalon.core.mobile.keyword.MobileBuiltInKeywords$tap.call(Unknown Source)
	at stepDef.Helper.tap(Helper.groovy:90)
	at stepDef.Helper$tap.call(Unknown Source)
	at shareStep.RegisterOrCalculatorScreen.add(RegisterOrCalculatorScreen.groovy:84)
	at shareStep.RegisterOrCalculatorScreen$add.call(Unknown Source)
	at EVDEV-193415_Register Or Calculator.run(EVDEV-193415_Register Or Calculator:40)
	at com.kms.katalon.core.main.ScriptEngine.run(ScriptEngine.java:194)
	at com.kms.katalon.core.main.ScriptEngine.runScriptAsRawText(ScriptEngine.java:119)
	at com.kms.katalon.core.main.TestCaseExecutor.runScript(TestCaseExecutor.java:448)
	at com.kms.katalon.core.main.TestCaseExecutor.doExecute(TestCaseExecutor.java:439)
	at com.kms.katalon.core.main.TestCaseExecutor.processExecutionPhase(TestCaseExecutor.java:418)
	at com.kms.katalon.core.main.TestCaseExecutor.accessMainPhase(TestCaseExecutor.java:410)
	at com.kms.katalon.core.main.TestCaseExecutor.execute(TestCaseExecutor.java:285)
	at com.kms.katalon.core.common.CommonExecutor.accessTestCaseMainPhase(CommonExecutor.java:65)
	at com.kms.katalon.core.main.TestSuiteExecutor.accessTestSuiteMainPhase(TestSuiteExecutor.java:148)
	at com.kms.katalon.core.main.TestSuiteExecutor.execute(TestSuiteExecutor.java:106)
	at com.kms.katalon.core.main.TestCaseMain.startTestSuite(TestCaseMain.java:187)
	at com.kms.katalon.core.main.TestCaseMain$startTestSuite$0.call(Unknown Source)
	at TempTestSuite1715690278877.run(TempTestSuite1715690278877.groovy:36)


2024-05-14 19:38:27 - [TEST_STEP][PASSED] - Start listener action : beforeTestCaseMultipleCategoryOs: null

2024-05-14 19:38:27 - [TEST_STEP][PASSED] - testCase = findTestCase(testCaseContext.getTestCaseId()): null

2024-05-14 19:38:27 - [TEST_STEP][PASSED] - ZEPHYR_TEST_CASE_KEY = getName().split("_")[0]: null

2024-05-14 19:38:28 - [TEST_STEP][PASSED] - getId = sendRequest(findTestObject("Object Repository/Zephyr/Get ID")): Send request successfully

2024-05-14 19:38:30 - [MESSAGE][INFO] - HAR: /Users/ddl02/Documents/latest_git/GitHub/visium-device-farm/Reports/20240514_193754/Pararel Testing/R1/Feature/iOS/Calculator_iPhone 8/20240514_193758/requests/main/0.har

2024-05-14 19:38:30 - [MESSAGE][PASSED] - Send request successfully

2024-05-14 19:38:30 - [TEST_STEP][PASSED] - jsonSlurper = new groovy.json.JsonSlurper(): null

2024-05-14 19:38:30 - [TEST_STEP][PASSED] - json = jsonSlurper.parseText(getId.getResponseText()): null

2024-05-14 19:38:30 - [TEST_STEP][PASSED] - executionIdIosHigh = id: null

2024-05-14 19:38:30 - [TEST_STEP][PASSED] - executionIdIosMid = id: null

2024-05-14 19:38:30 - [TEST_STEP][PASSED] - executionIdIosLow = id: null

2024-05-14 19:38:30 - [TEST_STEP][PASSED] - executionIdAndroidHigh = id: null

2024-05-14 19:38:30 - [TEST_STEP][PASSED] - executionIdAndroidMid = id: null

2024-05-14 19:38:30 - [TEST_STEP][PASSED] - executionIdAndroidLow = id: null

2024-05-14 19:38:30 - [TEST_STEP][PASSED] - ZEPHYR_ID_IOS_HIGH = executionIdIosHigh: null

2024-05-14 19:38:30 - [TEST_STEP][PASSED] - ZEPHYR_ID_IOS_MID = executionIdIosMid: null

2024-05-14 19:38:30 - [TEST_STEP][PASSED] - ZEPHYR_ID_IOS_LOW = executionIdIosLow: null

2024-05-14 19:38:30 - [TEST_STEP][PASSED] - ZEPHYR_ID_ANDROID_HIGH = executionIdAndroidHigh: null

2024-05-14 19:38:30 - [TEST_STEP][PASSED] - ZEPHYR_ID_ANDROID_MID = executionIdAndroidMid: null

2024-05-14 19:38:30 - [TEST_STEP][PASSED] - ZEPHYR_ID_ANDROID_LOW = executionIdAndroidLow: null

2024-05-14 19:38:30 - [TEST_STEP][PASSED] - SetCapability.startApplication(DeviceName, UdId, PlatformVersion, PlatformName): Unable to get appium status. Root cause (null)

2024-05-14 19:38:30 - [MESSAGE][INFO] - Success Remote

2024-05-14 19:39:17 - [MESSAGE][WARNING] - Unable to get appium status. Root cause (null)

2024-05-14 19:39:18 - [TEST_STEP][PASSED] - "========================  Step 1  ========================": null

2024-05-14 19:39:18 - [TEST_STEP][PASSED] - registerOrCalculatorScreen = new shareStep.RegisterOrCalculatorScreen(): null

2024-05-14 19:39:18 - [TEST_STEP][FAILED] - registerOrCalculatorScreen.add(): Failed to tap on element 'btn8' (Root cause: com.kms.katalon.core.exception.StepFailedException: Object btn8 not found
	at com.kms.katalon.core.keyword.internal.KeywordMain.stepFailed(KeywordMain.groovy:51)
	at com.kms.katalon.core.mobile.keyword.internal.MobileKeywordMain.stepFailed(MobileKeywordMain.groovy:40)
	at com.kms.katalon.core.mobile.keyword.builtin.TapKeyword$_tap_closure1.doCall(TapKeyword.groovy:79)
	at com.kms.katalon.core.mobile.keyword.builtin.TapKeyword$_tap_closure1.call(TapKeyword.groovy)
	at com.kms.katalon.core.mobile.keyword.internal.MobileKeywordMain.runKeyword(MobileKeywordMain.groovy:21)
	at com.kms.katalon.core.mobile.keyword.builtin.TapKeyword.tap(TapKeyword.groovy:84)
	at com.kms.katalon.core.mobile.keyword.builtin.TapKeyword.execute(TapKeyword.groovy:68)
	at com.kms.katalon.core.keyword.internal.KeywordExecutor.executeKeywordForPlatform(KeywordExecutor.groovy:74)
	at com.kms.katalon.core.mobile.keyword.MobileBuiltInKeywords.tap(MobileBuiltInKeywords.groovy:1490)
	at com.kms.katalon.core.mobile.keyword.MobileBuiltInKeywords$tap.call(Unknown Source)
	at stepDef.Helper.tap(Helper.groovy:90)
	at stepDef.Helper$tap.call(Unknown Source)
	at shareStep.RegisterOrCalculatorScreen.add(RegisterOrCalculatorScreen.groovy:84)
	at shareStep.RegisterOrCalculatorScreen$add.call(Unknown Source)
	at EVDEV-193415_Register Or Calculator.run(EVDEV-193415_Register Or Calculator:40)
	at com.kms.katalon.core.main.ScriptEngine.run(ScriptEngine.java:194)
	at com.kms.katalon.core.main.ScriptEngine.runScriptAsRawText(ScriptEngine.java:119)
	at com.kms.katalon.core.main.TestCaseExecutor.runScript(TestCaseExecutor.java:448)
	at com.kms.katalon.core.main.TestCaseExecutor.doExecute(TestCaseExecutor.java:439)
	at com.kms.katalon.core.main.TestCaseExecutor.processExecutionPhase(TestCaseExecutor.java:418)
	at com.kms.katalon.core.main.TestCaseExecutor.accessMainPhase(TestCaseExecutor.java:410)
	at com.kms.katalon.core.main.TestCaseExecutor.execute(TestCaseExecutor.java:285)
	at com.kms.katalon.core.common.CommonExecutor.accessTestCaseMainPhase(CommonExecutor.java:65)
	at com.kms.katalon.core.main.TestSuiteExecutor.accessTestSuiteMainPhase(TestSuiteExecutor.java:148)
	at com.kms.katalon.core.main.TestSuiteExecutor.execute(TestSuiteExecutor.java:106)
	at com.kms.katalon.core.main.TestCaseMain.startTestSuite(TestCaseMain.java:187)
	at com.kms.katalon.core.main.TestCaseMain$startTestSuite$0.call(Unknown Source)
	at TempTestSuite1715690278877.run(TempTestSuite1715690278877.groovy:36)
)

2024-05-14 19:39:24 - [MESSAGE][FAILED] - Object btn8 not found

2024-05-14 19:39:28 - [MESSAGE][FAILED] - Failed to tap on element 'btn8' (Root cause: com.kms.katalon.core.exception.StepFailedException: Object btn8 not found
	at com.kms.katalon.core.keyword.internal.KeywordMain.stepFailed(KeywordMain.groovy:51)
	at com.kms.katalon.core.mobile.keyword.internal.MobileKeywordMain.stepFailed(MobileKeywordMain.groovy:40)
	at com.kms.katalon.core.mobile.keyword.builtin.TapKeyword$_tap_closure1.doCall(TapKeyword.groovy:79)
	at com.kms.katalon.core.mobile.keyword.builtin.TapKeyword$_tap_closure1.call(TapKeyword.groovy)
	at com.kms.katalon.core.mobile.keyword.internal.MobileKeywordMain.runKeyword(MobileKeywordMain.groovy:21)
	at com.kms.katalon.core.mobile.keyword.builtin.TapKeyword.tap(TapKeyword.groovy:84)
	at com.kms.katalon.core.mobile.keyword.builtin.TapKeyword.execute(TapKeyword.groovy:68)
	at com.kms.katalon.core.keyword.internal.KeywordExecutor.executeKeywordForPlatform(KeywordExecutor.groovy:74)
	at com.kms.katalon.core.mobile.keyword.MobileBuiltInKeywords.tap(MobileBuiltInKeywords.groovy:1490)
	at com.kms.katalon.core.mobile.keyword.MobileBuiltInKeywords$tap.call(Unknown Source)
	at stepDef.Helper.tap(Helper.groovy:90)
	at stepDef.Helper$tap.call(Unknown Source)
	at shareStep.RegisterOrCalculatorScreen.add(RegisterOrCalculatorScreen.groovy:84)
	at shareStep.RegisterOrCalculatorScreen$add.call(Unknown Source)
	at EVDEV-193415_Register Or Calculator.run(EVDEV-193415_Register Or Calculator:40)
	at com.kms.katalon.core.main.ScriptEngine.run(ScriptEngine.java:194)
	at com.kms.katalon.core.main.ScriptEngine.runScriptAsRawText(ScriptEngine.java:119)
	at com.kms.katalon.core.main.TestCaseExecutor.runScript(TestCaseExecutor.java:448)
	at com.kms.katalon.core.main.TestCaseExecutor.doExecute(TestCaseExecutor.java:439)
	at com.kms.katalon.core.main.TestCaseExecutor.processExecutionPhase(TestCaseExecutor.java:418)
	at com.kms.katalon.core.main.TestCaseExecutor.accessMainPhase(TestCaseExecutor.java:410)
	at com.kms.katalon.core.main.TestCaseExecutor.execute(TestCaseExecutor.java:285)
	at com.kms.katalon.core.common.CommonExecutor.accessTestCaseMainPhase(CommonExecutor.java:65)
	at com.kms.katalon.core.main.TestSuiteExecutor.accessTestSuiteMainPhase(TestSuiteExecutor.java:148)
	at com.kms.katalon.core.main.TestSuiteExecutor.execute(TestSuiteExecutor.java:106)
	at com.kms.katalon.core.main.TestCaseMain.startTestSuite(TestCaseMain.java:187)
	at com.kms.katalon.core.main.TestCaseMain$startTestSuite$0.call(Unknown Source)
	at TempTestSuite1715690278877.run(TempTestSuite1715690278877.groovy:36)
)
[[ATTACHMENT|/Users/ddl02/Documents/latest_git/GitHub/visium-device-farm/Reports/20240514_193754/Pararel Testing/R1/Feature/iOS/Calculator_iPhone 8/20240514_193758/1715690364971.png]]

2024-05-14 19:39:28 - [TEST_STEP][PASSED] - Start listener action : afterTestCaseMultipleCategoryOs: null

2024-05-14 19:39:28 - [TEST_STEP][PASSED] - mobileDriver = getDriver(): null

2024-05-14 19:39:28 - [TEST_STEP][PASSED] - os = toString().toLowerCase(): null

2024-05-14 19:39:28 - [TEST_STEP][PASSED] - category = toString().toLowerCase(): null

2024-05-14 19:39:28 - [TEST_STEP][PASSED] - if (os == "android"): null

2024-05-14 19:39:28 - [TEST_STEP][PASSED] - else if (os == "ios"): Send request successfully

2024-05-14 19:39:28 - [TEST_STEP][PASSED] - if (category == "apple iphone 5s" || "IOS Low 2"): Send request successfully

2024-05-14 19:39:28 - [TEST_STEP][PASSED] - if (testCaseContext.getTestCaseStatus() == "PASSED"): null

2024-05-14 19:39:28 - [TEST_STEP][PASSED] - else if (testCaseContext.getTestCaseStatus() == "FAILED" || testCaseContext.getTestCaseStatus() == "ERROR"): null

2024-05-14 19:39:28 - [TEST_STEP][PASSED] - ZEPHYR_STATUS_NAME = 2: null

2024-05-14 19:39:28 - [TEST_STEP][PASSED] - sendRequest(findTestObject("Object Repository/Zephyr/Update Status - IOS - Low")): Send request successfully

2024-05-14 19:39:29 - [MESSAGE][INFO] - HAR: /Users/ddl02/Documents/latest_git/GitHub/visium-device-farm/Reports/20240514_193754/Pararel Testing/R1/Feature/iOS/Calculator_iPhone 8/20240514_193758/requests/main/1.har

2024-05-14 19:39:29 - [MESSAGE][PASSED] - Send request successfully

2024-05-14 19:39:29 - [TEST_STEP][PASSED] - if (category == "apple iphone 8" || "IOS Mid 2"): Send request successfully

2024-05-14 19:39:29 - [TEST_STEP][PASSED] - if (testCaseContext.getTestCaseStatus() == "PASSED"): null

2024-05-14 19:39:29 - [TEST_STEP][PASSED] - else if (testCaseContext.getTestCaseStatus() == "FAILED" || testCaseContext.getTestCaseStatus() == "ERROR"): null

2024-05-14 19:39:29 - [TEST_STEP][PASSED] - ZEPHYR_STATUS_NAME = 2: null

2024-05-14 19:39:29 - [TEST_STEP][PASSED] - sendRequest(findTestObject("Object Repository/Zephyr/Update Status - IOS - Mid")): Send request successfully

2024-05-14 19:39:29 - [MESSAGE][INFO] - HAR: /Users/ddl02/Documents/latest_git/GitHub/visium-device-farm/Reports/20240514_193754/Pararel Testing/R1/Feature/iOS/Calculator_iPhone 8/20240514_193758/requests/main/2.har

2024-05-14 19:39:29 - [MESSAGE][PASSED] - Send request successfully

2024-05-14 19:39:29 - [TEST_STEP][PASSED] - if (category == "apple iphone 15" || "IOS High 2"): Send request successfully

2024-05-14 19:39:29 - [TEST_STEP][PASSED] - if (testCaseContext.getTestCaseStatus() == "PASSED"): null

2024-05-14 19:39:29 - [TEST_STEP][PASSED] - else if (testCaseContext.getTestCaseStatus() == "FAILED" || testCaseContext.getTestCaseStatus() == "ERROR"): null

2024-05-14 19:39:29 - [TEST_STEP][PASSED] - ZEPHYR_STATUS_NAME = 2: null

2024-05-14 19:39:29 - [TEST_STEP][PASSED] - sendRequest(findTestObject("Object Repository/Zephyr/Update Status - IOS - High")): Send request successfully

2024-05-14 19:39:30 - [MESSAGE][INFO] - HAR: /Users/ddl02/Documents/latest_git/GitHub/visium-device-farm/Reports/20240514_193754/Pararel Testing/R1/Feature/iOS/Calculator_iPhone 8/20240514_193758/requests/main/3.har

2024-05-14 19:39:30 - [MESSAGE][PASSED] - Send request successfully

2024-05-14 19:39:30 - [TEST_STEP][PASSED] - closeDriver(): null]]></system-out>
         <system-err><![CDATA[2024-05-14 19:38:27 - [TEST_CASE][FAILED] - Test Cases/Android And iOS/EVDEV-193415_Register Or Calculator: Test Cases/Android And iOS/EVDEV-193415_Register Or Calculator FAILED.
Reason:
com.kms.katalon.core.exception.StepFailedException: Object btn8 not found
	at com.kms.katalon.core.keyword.internal.KeywordMain.stepFailed(KeywordMain.groovy:51)
	at com.kms.katalon.core.mobile.keyword.internal.MobileKeywordMain.stepFailed(MobileKeywordMain.groovy:40)
	at com.kms.katalon.core.mobile.keyword.builtin.TapKeyword$_tap_closure1.doCall(TapKeyword.groovy:79)
	at com.kms.katalon.core.mobile.keyword.builtin.TapKeyword$_tap_closure1.call(TapKeyword.groovy)
	at com.kms.katalon.core.mobile.keyword.internal.MobileKeywordMain.runKeyword(MobileKeywordMain.groovy:21)
	at com.kms.katalon.core.mobile.keyword.builtin.TapKeyword.tap(TapKeyword.groovy:84)
	at com.kms.katalon.core.mobile.keyword.builtin.TapKeyword.execute(TapKeyword.groovy:68)
	at com.kms.katalon.core.keyword.internal.KeywordExecutor.executeKeywordForPlatform(KeywordExecutor.groovy:74)
	at com.kms.katalon.core.mobile.keyword.MobileBuiltInKeywords.tap(MobileBuiltInKeywords.groovy:1490)
	at com.kms.katalon.core.mobile.keyword.MobileBuiltInKeywords$tap.call(Unknown Source)
	at stepDef.Helper.tap(Helper.groovy:90)
	at stepDef.Helper$tap.call(Unknown Source)
	at shareStep.RegisterOrCalculatorScreen.add(RegisterOrCalculatorScreen.groovy:84)
	at shareStep.RegisterOrCalculatorScreen$add.call(Unknown Source)
	at EVDEV-193415_Register Or Calculator.run(EVDEV-193415_Register Or Calculator:40)
	at com.kms.katalon.core.main.ScriptEngine.run(ScriptEngine.java:194)
	at com.kms.katalon.core.main.ScriptEngine.runScriptAsRawText(ScriptEngine.java:119)
	at com.kms.katalon.core.main.TestCaseExecutor.runScript(TestCaseExecutor.java:448)
	at com.kms.katalon.core.main.TestCaseExecutor.doExecute(TestCaseExecutor.java:439)
	at com.kms.katalon.core.main.TestCaseExecutor.processExecutionPhase(TestCaseExecutor.java:418)
	at com.kms.katalon.core.main.TestCaseExecutor.accessMainPhase(TestCaseExecutor.java:410)
	at com.kms.katalon.core.main.TestCaseExecutor.execute(TestCaseExecutor.java:285)
	at com.kms.katalon.core.common.CommonExecutor.accessTestCaseMainPhase(CommonExecutor.java:65)
	at com.kms.katalon.core.main.TestSuiteExecutor.accessTestSuiteMainPhase(TestSuiteExecutor.java:148)
	at com.kms.katalon.core.main.TestSuiteExecutor.execute(TestSuiteExecutor.java:106)
	at com.kms.katalon.core.main.TestCaseMain.startTestSuite(TestCaseMain.java:187)
	at com.kms.katalon.core.main.TestCaseMain$startTestSuite$0.call(Unknown Source)
	at TempTestSuite1715690278877.run(TempTestSuite1715690278877.groovy:36)]]></system-err>
      </testcase>
      <system-out><![CDATA[2024-05-14 19:38:27 - [TEST_SUITE][FAILED] - Calculator_iPhone 8: Test Cases/Android And iOS/EVDEV-193415_Register Or Calculator FAILED.
Reason:
com.kms.katalon.core.exception.StepFailedException: Object btn8 not found
	at com.kms.katalon.core.keyword.internal.KeywordMain.stepFailed(KeywordMain.groovy:51)
	at com.kms.katalon.core.mobile.keyword.internal.MobileKeywordMain.stepFailed(MobileKeywordMain.groovy:40)
	at com.kms.katalon.core.mobile.keyword.builtin.TapKeyword$_tap_closure1.doCall(TapKeyword.groovy:79)
	at com.kms.katalon.core.mobile.keyword.builtin.TapKeyword$_tap_closure1.call(TapKeyword.groovy)
	at com.kms.katalon.core.mobile.keyword.internal.MobileKeywordMain.runKeyword(MobileKeywordMain.groovy:21)
	at com.kms.katalon.core.mobile.keyword.builtin.TapKeyword.tap(TapKeyword.groovy:84)
	at com.kms.katalon.core.mobile.keyword.builtin.TapKeyword.execute(TapKeyword.groovy:68)
	at com.kms.katalon.core.keyword.internal.KeywordExecutor.executeKeywordForPlatform(KeywordExecutor.groovy:74)
	at com.kms.katalon.core.mobile.keyword.MobileBuiltInKeywords.tap(MobileBuiltInKeywords.groovy:1490)
	at com.kms.katalon.core.mobile.keyword.MobileBuiltInKeywords$tap.call(Unknown Source)
	at stepDef.Helper.tap(Helper.groovy:90)
	at stepDef.Helper$tap.call(Unknown Source)
	at shareStep.RegisterOrCalculatorScreen.add(RegisterOrCalculatorScreen.groovy:84)
	at shareStep.RegisterOrCalculatorScreen$add.call(Unknown Source)
	at EVDEV-193415_Register Or Calculator.run(EVDEV-193415_Register Or Calculator:40)
	at com.kms.katalon.core.main.ScriptEngine.run(ScriptEngine.java:194)
	at com.kms.katalon.core.main.ScriptEngine.runScriptAsRawText(ScriptEngine.java:119)
	at com.kms.katalon.core.main.TestCaseExecutor.runScript(TestCaseExecutor.java:448)
	at com.kms.katalon.core.main.TestCaseExecutor.doExecute(TestCaseExecutor.java:439)
	at com.kms.katalon.core.main.TestCaseExecutor.processExecutionPhase(TestCaseExecutor.java:418)
	at com.kms.katalon.core.main.TestCaseExecutor.accessMainPhase(TestCaseExecutor.java:410)
	at com.kms.katalon.core.main.TestCaseExecutor.execute(TestCaseExecutor.java:285)
	at com.kms.katalon.core.common.CommonExecutor.accessTestCaseMainPhase(CommonExecutor.java:65)
	at com.kms.katalon.core.main.TestSuiteExecutor.accessTestSuiteMainPhase(TestSuiteExecutor.java:148)
	at com.kms.katalon.core.main.TestSuiteExecutor.execute(TestSuiteExecutor.java:106)
	at com.kms.katalon.core.main.TestCaseMain.startTestSuite(TestCaseMain.java:187)
	at com.kms.katalon.core.main.TestCaseMain$startTestSuite$0.call(Unknown Source)
	at TempTestSuite1715690278877.run(TempTestSuite1715690278877.groovy:36)]]></system-out>
      <system-err><![CDATA[2024-05-14 19:38:27 - [TEST_SUITE][FAILED] - Calculator_iPhone 8: Test Cases/Android And iOS/EVDEV-193415_Register Or Calculator FAILED.
Reason:
com.kms.katalon.core.exception.StepFailedException: Object btn8 not found
	at com.kms.katalon.core.keyword.internal.KeywordMain.stepFailed(KeywordMain.groovy:51)
	at com.kms.katalon.core.mobile.keyword.internal.MobileKeywordMain.stepFailed(MobileKeywordMain.groovy:40)
	at com.kms.katalon.core.mobile.keyword.builtin.TapKeyword$_tap_closure1.doCall(TapKeyword.groovy:79)
	at com.kms.katalon.core.mobile.keyword.builtin.TapKeyword$_tap_closure1.call(TapKeyword.groovy)
	at com.kms.katalon.core.mobile.keyword.internal.MobileKeywordMain.runKeyword(MobileKeywordMain.groovy:21)
	at com.kms.katalon.core.mobile.keyword.builtin.TapKeyword.tap(TapKeyword.groovy:84)
	at com.kms.katalon.core.mobile.keyword.builtin.TapKeyword.execute(TapKeyword.groovy:68)
	at com.kms.katalon.core.keyword.internal.KeywordExecutor.executeKeywordForPlatform(KeywordExecutor.groovy:74)
	at com.kms.katalon.core.mobile.keyword.MobileBuiltInKeywords.tap(MobileBuiltInKeywords.groovy:1490)
	at com.kms.katalon.core.mobile.keyword.MobileBuiltInKeywords$tap.call(Unknown Source)
	at stepDef.Helper.tap(Helper.groovy:90)
	at stepDef.Helper$tap.call(Unknown Source)
	at shareStep.RegisterOrCalculatorScreen.add(RegisterOrCalculatorScreen.groovy:84)
	at shareStep.RegisterOrCalculatorScreen$add.call(Unknown Source)
	at EVDEV-193415_Register Or Calculator.run(EVDEV-193415_Register Or Calculator:40)
	at com.kms.katalon.core.main.ScriptEngine.run(ScriptEngine.java:194)
	at com.kms.katalon.core.main.ScriptEngine.runScriptAsRawText(ScriptEngine.java:119)
	at com.kms.katalon.core.main.TestCaseExecutor.runScript(TestCaseExecutor.java:448)
	at com.kms.katalon.core.main.TestCaseExecutor.doExecute(TestCaseExecutor.java:439)
	at com.kms.katalon.core.main.TestCaseExecutor.processExecutionPhase(TestCaseExecutor.java:418)
	at com.kms.katalon.core.main.TestCaseExecutor.accessMainPhase(TestCaseExecutor.java:410)
	at com.kms.katalon.core.main.TestCaseExecutor.execute(TestCaseExecutor.java:285)
	at com.kms.katalon.core.common.CommonExecutor.accessTestCaseMainPhase(CommonExecutor.java:65)
	at com.kms.katalon.core.main.TestSuiteExecutor.accessTestSuiteMainPhase(TestSuiteExecutor.java:148)
	at com.kms.katalon.core.main.TestSuiteExecutor.execute(TestSuiteExecutor.java:106)
	at com.kms.katalon.core.main.TestCaseMain.startTestSuite(TestCaseMain.java:187)
	at com.kms.katalon.core.main.TestCaseMain$startTestSuite$0.call(Unknown Source)
	at TempTestSuite1715690278877.run(TempTestSuite1715690278877.groovy:36)]]></system-err>
   </testsuite>
</testsuites>
